<?xml version="1.0" encoding="UTF-8"?>
<!-- Generated by org.testng.reporters.JUnitReportReporter -->
<testsuite hostname="Arjun" failures="0" tests="2" name="package3.ProductTest" time="0.011" errors="0" timestamp="2024-05-31T22:46:34 IST" skipped="0">
  <testcase classname="package3.ProductTest" name="createProductTest" time="0.008"/>
  <system-out/>
  <testcase classname="package3.ProductTest" name="createProductWithPhnNoTest" time="0.003"/>
  <system-out/>
</testsuite> <!-- package3.ProductTest -->
