<?xml version="1.0" encoding="UTF-8"?>
<!-- Generated by org.testng.reporters.JUnitReportReporter -->
<testsuite hostname="Arjun" failures="0" tests="2" name="package2.OrgTest" time="0.013" errors="0" timestamp="2024-05-31T22:46:28 IST" skipped="0">
  <testcase classname="package2.OrgTest" name="createOrgTest" time="0.011"/>
  <system-out/>
  <testcase classname="package2.OrgTest" name="createOrgWithDateTest" time="0.002"/>
  <system-out/>
</testsuite> <!-- package2.OrgTest -->
