<?xml version="1.0" encoding="UTF-8"?>
<!-- Generated by org.testng.reporters.JUnitReportReporter -->
<testsuite hostname="Arjun" failures="0" tests="2" name="package1.ContactTest" time="0.010" errors="0" timestamp="2024-05-31T22:46:09 IST" skipped="0">
  <testcase classname="package1.ContactTest" name="createContactTest" time="0.009"/>
  <system-out/>
  <testcase classname="package1.ContactTest" name="createContactWithPhnNoTest" time="0.001"/>
  <system-out/>
</testsuite> <!-- package1.ContactTest -->
